<?xml version="1.0" encoding="UTF-8"?>
<testng-results skipped="0" failed="0" ignored="0" total="1" passed="1">
  <reporter-output>
  </reporter-output>
  <suite name="Default suite" duration-ms="9931" started-at="2022-08-19T18:58:16 CDT" finished-at="2022-08-19T18:58:26 CDT">
    <groups>
    </groups>
    <test name="Default test" duration-ms="9931" started-at="2022-08-19T18:58:16 CDT" finished-at="2022-08-19T18:58:26 CDT">
      <class name="variousConcepts.learnTestNG">
        <test-method status="PASS" signature="init()[pri:0, instance:variousConcepts.learnTestNG@ea1a8d5]" name="init" is-config="true" duration-ms="2168" started-at="2022-08-19T18:58:16 CDT" finished-at="2022-08-19T18:58:19 CDT">
          <reporter-output>
          </reporter-output>
        </test-method> <!-- init -->
        <test-method status="PASS" signature="loginTest()[pri:0, instance:variousConcepts.learnTestNG@ea1a8d5]" name="loginTest" duration-ms="7724" started-at="2022-08-19T18:58:19 CDT" finished-at="2022-08-19T18:58:26 CDT">
          <reporter-output>
          </reporter-output>
        </test-method> <!-- loginTest -->
      </class> <!-- variousConcepts.learnTestNG -->
    </test> <!-- Default test -->
  </suite> <!-- Default suite -->
</testng-results>
